<?xml version="1.0" encoding="UTF-8"?>
<!-- Generated by org.testng.reporters.JUnitXMLReporter -->
<testsuite ignored="2" hostname="DESKTOP-CAKO4GA" failures="0" tests="1" name="Test1" time="19.983" errors="0" timestamp="11 May 2020 19:04:12 GMT">
  <testcase classname="TestNG_Demo1" name="googleSearchtestNG1" time="10.03"/>
  <testcase classname="TestNG_Demo1" name="googleSearchtestNG2" time="0.0">
    <ignored/>
  </testcase> <!-- googleSearchtestNG2 -->
  <testcase classname="TestNG_Demo" name="googleSearchtestNG" time="0.0">
    <ignored/>
  </testcase> <!-- googleSearchtestNG -->
</testsuite> <!-- Test1 -->
