<?xml version="1.0" encoding="UTF-8"?>
<!-- Generated by org.testng.reporters.JUnitXMLReporter -->
<testsuite ignored="0" hostname="DESKTOP-CAKO4GA" failures="0" tests="3" name="TestOnFirefox" time="24.183" errors="0" timestamp="2020-05-12T15:41:21 CEST">
  <testcase classname="testng_multiplebrowser.TestNgMultipleBrowser" name="test" time="1.364"/>
  <testcase classname="testng_multiplebrowser.TestNgMultipleBrowser" name="test" time="4.039"/>
  <testcase classname="testng_multiplebrowser.TestNgMultipleBrowser" name="test" time="1.688"/>
</testsuite> <!-- TestOnFirefox -->
